c:\users\влад\desktop\physx tutorials 1 лаба\bin\win32\lesson102_debug.bsc
b:\github\cg\physx\physx tutorials\bin\win32\lesson102_debug.bsc
c:\users\влад\desktop\physx tutorials 1 лаба\trainingprograms\programs\chap1\compiler\vc8win32\build\win32\lesson102\debug\vc120.pdb
c:\users\влад\desktop\physx tutorials 1 лаба\trainingprograms\programs\chap1\compiler\vc8win32\build\win32\lesson102\debug\lesson102.sbr
c:\users\влад\desktop\physx tutorials 1 лаба\trainingprograms\programs\chap1\compiler\vc8win32\build\win32\lesson102\debug\drawobjects.sbr
c:\users\влад\desktop\physx tutorials 1 лаба\trainingprograms\programs\chap1\compiler\vc8win32\build\win32\lesson102\debug\glfontrenderer.sbr
c:\users\влад\desktop\physx tutorials 1 лаба\trainingprograms\programs\chap1\compiler\vc8win32\build\win32\lesson102\debug\hud.sbr
c:\users\влад\desktop\physx tutorials 1 лаба\trainingprograms\programs\chap1\compiler\vc8win32\build\win32\lesson102\debug\stream.sbr
c:\users\влад\desktop\physx tutorials 1 лаба\trainingprograms\programs\chap1\compiler\vc8win32\build\win32\lesson102\debug\mediapath_win.sbr
c:\users\влад\desktop\physx tutorials 1 лаба\trainingprograms\programs\chap1\compiler\vc8win32\build\win32\lesson102\debug\timing_win.sbr
c:\users\влад\desktop\physx tutorials 1 лаба\trainingprograms\programs\chap1\compiler\vc8win32\build\win32\lesson102\debug\debugrenderer.sbr
c:\users\влад\desktop\physx tutorials 1 лаба\trainingprograms\programs\chap1\compiler\vc8win32\build\win32\lesson102\debug\userallocator.sbr
c:\users\влад\desktop\physx tutorials 1 лаба\trainingprograms\programs\chap1\compiler\vc8win32\build\win32\lesson102\debug\userallocator.obj
c:\users\влад\desktop\physx tutorials 1 лаба\trainingprograms\programs\chap1\compiler\vc8win32\build\win32\lesson102\debug\debugrenderer.obj
c:\users\влад\desktop\physx tutorials 1 лаба\trainingprograms\programs\chap1\compiler\vc8win32\build\win32\lesson102\debug\timing_win.obj
c:\users\влад\desktop\physx tutorials 1 лаба\trainingprograms\programs\chap1\compiler\vc8win32\build\win32\lesson102\debug\mediapath_win.obj
c:\users\влад\desktop\physx tutorials 1 лаба\trainingprograms\programs\chap1\compiler\vc8win32\build\win32\lesson102\debug\stream.obj
c:\users\влад\desktop\physx tutorials 1 лаба\trainingprograms\programs\chap1\compiler\vc8win32\build\win32\lesson102\debug\hud.obj
c:\users\влад\desktop\physx tutorials 1 лаба\trainingprograms\programs\chap1\compiler\vc8win32\build\win32\lesson102\debug\glfontrenderer.obj
c:\users\влад\desktop\physx tutorials 1 лаба\trainingprograms\programs\chap1\compiler\vc8win32\build\win32\lesson102\debug\drawobjects.obj
c:\users\влад\desktop\physx tutorials 1 лаба\trainingprograms\programs\chap1\compiler\vc8win32\build\win32\lesson102\debug\lesson102.obj
b:\github\cg\physx\physx tutorials\trainingprograms\programs\chap1\compiler\vc8win32\build\win32\lesson102\debug\vc120.pdb
b:\github\cg\physx\physx tutorials\trainingprograms\programs\chap1\compiler\vc8win32\build\win32\lesson102\debug\lesson102.sbr
b:\github\cg\physx\physx tutorials\trainingprograms\programs\chap1\compiler\vc8win32\build\win32\lesson102\debug\drawobjects.sbr
b:\github\cg\physx\physx tutorials\trainingprograms\programs\chap1\compiler\vc8win32\build\win32\lesson102\debug\glfontrenderer.sbr
b:\github\cg\physx\physx tutorials\trainingprograms\programs\chap1\compiler\vc8win32\build\win32\lesson102\debug\hud.sbr
b:\github\cg\physx\physx tutorials\trainingprograms\programs\chap1\compiler\vc8win32\build\win32\lesson102\debug\stream.sbr
b:\github\cg\physx\physx tutorials\trainingprograms\programs\chap1\compiler\vc8win32\build\win32\lesson102\debug\mediapath_win.sbr
b:\github\cg\physx\physx tutorials\trainingprograms\programs\chap1\compiler\vc8win32\build\win32\lesson102\debug\timing_win.sbr
b:\github\cg\physx\physx tutorials\trainingprograms\programs\chap1\compiler\vc8win32\build\win32\lesson102\debug\debugrenderer.sbr
b:\github\cg\physx\physx tutorials\trainingprograms\programs\chap1\compiler\vc8win32\build\win32\lesson102\debug\userallocator.sbr
b:\github\cg\physx\physx tutorials\trainingprograms\programs\chap1\compiler\vc8win32\build\win32\lesson102\debug\userallocator.obj
b:\github\cg\physx\physx tutorials\trainingprograms\programs\chap1\compiler\vc8win32\build\win32\lesson102\debug\debugrenderer.obj
b:\github\cg\physx\physx tutorials\trainingprograms\programs\chap1\compiler\vc8win32\build\win32\lesson102\debug\timing_win.obj
b:\github\cg\physx\physx tutorials\trainingprograms\programs\chap1\compiler\vc8win32\build\win32\lesson102\debug\mediapath_win.obj
b:\github\cg\physx\physx tutorials\trainingprograms\programs\chap1\compiler\vc8win32\build\win32\lesson102\debug\stream.obj
b:\github\cg\physx\physx tutorials\trainingprograms\programs\chap1\compiler\vc8win32\build\win32\lesson102\debug\hud.obj
b:\github\cg\physx\physx tutorials\trainingprograms\programs\chap1\compiler\vc8win32\build\win32\lesson102\debug\glfontrenderer.obj
b:\github\cg\physx\physx tutorials\trainingprograms\programs\chap1\compiler\vc8win32\build\win32\lesson102\debug\drawobjects.obj
b:\github\cg\physx\physx tutorials\trainingprograms\programs\chap1\compiler\vc8win32\build\win32\lesson102\debug\lesson102.obj
c:\users\влад\desktop\physx tutorials 1 лаба\bin\win32\lesson102_debug_debug.ilk
c:\users\влад\desktop\physx tutorials 1 лаба\bin\win32\lesson102_debug_debug.exe
c:\users\влад\desktop\physx tutorials 1 лаба\bin\win32\lesson102_debug_debug.exe.map
b:\github\cg\physx\physx tutorials\bin\win32\lesson102_debug_debug.ilk
b:\github\cg\physx\physx tutorials\bin\win32\lesson102_debug_debug.exe
b:\github\cg\physx\physx tutorials\bin\win32\lesson102_debug_debug.exe.map
b:\github\cg\physx\physx tutorials\trainingprograms\programs\chap1\compiler\vc8win32\../../../../../bin/win32\lesson102_debug.exe
b:\github\cg\physx\physx tutorials\trainingprograms\programs\chap1\compiler\vc8win32\build\win32\lesson102\debug\lesson102_debug.tlog\bscmake.command.1.tlog
b:\github\cg\physx\physx tutorials\trainingprograms\programs\chap1\compiler\vc8win32\build\win32\lesson102\debug\lesson102_debug.tlog\bscmake.read.1.tlog
b:\github\cg\physx\physx tutorials\trainingprograms\programs\chap1\compiler\vc8win32\build\win32\lesson102\debug\lesson102_debug.tlog\bscmake.write.1.tlog
b:\github\cg\physx\physx tutorials\trainingprograms\programs\chap1\compiler\vc8win32\build\win32\lesson102\debug\lesson102_debug.tlog\cl.command.1.tlog
b:\github\cg\physx\physx tutorials\trainingprograms\programs\chap1\compiler\vc8win32\build\win32\lesson102\debug\lesson102_debug.tlog\cl.read.1.tlog
b:\github\cg\physx\physx tutorials\trainingprograms\programs\chap1\compiler\vc8win32\build\win32\lesson102\debug\lesson102_debug.tlog\cl.write.1.tlog
b:\github\cg\physx\physx tutorials\trainingprograms\programs\chap1\compiler\vc8win32\build\win32\lesson102\debug\lesson102_debug.tlog\link.command.1.tlog
b:\github\cg\physx\physx tutorials\trainingprograms\programs\chap1\compiler\vc8win32\build\win32\lesson102\debug\lesson102_debug.tlog\link.read.1.tlog
b:\github\cg\physx\physx tutorials\trainingprograms\programs\chap1\compiler\vc8win32\build\win32\lesson102\debug\lesson102_debug.tlog\link.write.1.tlog
