c:\users\влад\desktop\physx tutorials\trainingprograms\programs\chap1\compiler\vc8win32\build\win32\lesson111\debug\vc120.pdb
c:\users\влад\desktop\physx tutorials\trainingprograms\programs\chap1\compiler\vc8win32\build\win32\lesson111\debug\debugrenderer.obj
c:\users\влад\desktop\physx tutorials\trainingprograms\programs\chap1\compiler\vc8win32\build\win32\lesson111\debug\timing_win.obj
c:\users\влад\desktop\physx tutorials\trainingprograms\programs\chap1\compiler\vc8win32\build\win32\lesson111\debug\mediapath_win.obj
c:\users\влад\desktop\physx tutorials\trainingprograms\programs\chap1\compiler\vc8win32\build\win32\lesson111\debug\stream.obj
c:\users\влад\desktop\physx tutorials\trainingprograms\programs\chap1\compiler\vc8win32\build\win32\lesson111\debug\hud.obj
c:\users\влад\desktop\physx tutorials\trainingprograms\programs\chap1\compiler\vc8win32\build\win32\lesson111\debug\glfontrenderer.obj
c:\users\влад\desktop\physx tutorials\trainingprograms\programs\chap1\compiler\vc8win32\build\win32\lesson111\debug\drawobjects.obj
c:\users\влад\desktop\physx tutorials\trainingprograms\programs\chap1\compiler\vc8win32\build\win32\lesson111\debug\actors.obj
c:\users\влад\desktop\physx tutorials\trainingprograms\programs\chap1\compiler\vc8win32\build\win32\lesson111\debug\lesson111.obj
c:\users\влад\desktop\physx tutorials\bin\win32\lesson111_debug.ilk
c:\users\влад\desktop\physx tutorials\bin\win32\lesson111_debug.exe
c:\users\влад\desktop\physx tutorials\bin\win32\lesson111_debug.exe.map
c:\users\влад\desktop\physx tutorials\trainingprograms\programs\chap1\compiler\vc8win32\../../../../../bin/win32\lesson111.exe
c:\users\влад\desktop\physx tutorials\trainingprograms\programs\chap1\compiler\vc8win32\build\win32\lesson111\debug\lesson111.tlog\cl.command.1.tlog
c:\users\влад\desktop\physx tutorials\trainingprograms\programs\chap1\compiler\vc8win32\build\win32\lesson111\debug\lesson111.tlog\cl.read.1.tlog
c:\users\влад\desktop\physx tutorials\trainingprograms\programs\chap1\compiler\vc8win32\build\win32\lesson111\debug\lesson111.tlog\cl.write.1.tlog
c:\users\влад\desktop\physx tutorials\trainingprograms\programs\chap1\compiler\vc8win32\build\win32\lesson111\debug\lesson111.tlog\link.command.1.tlog
c:\users\влад\desktop\physx tutorials\trainingprograms\programs\chap1\compiler\vc8win32\build\win32\lesson111\debug\lesson111.tlog\link.read.1.tlog
c:\users\влад\desktop\physx tutorials\trainingprograms\programs\chap1\compiler\vc8win32\build\win32\lesson111\debug\lesson111.tlog\link.write.1.tlog
