c:\users\влад\desktop\physx tutorials\trainingprograms\programs\chap1\compiler\vc8win32\build\win32\lesson108\debug\vc120.pdb
c:\users\влад\desktop\physx tutorials\trainingprograms\programs\chap1\compiler\vc8win32\build\win32\lesson108\debug\userallocator.obj
c:\users\влад\desktop\physx tutorials\trainingprograms\programs\chap1\compiler\vc8win32\build\win32\lesson108\debug\debugrenderer.obj
c:\users\влад\desktop\physx tutorials\trainingprograms\programs\chap1\compiler\vc8win32\build\win32\lesson108\debug\timing_win.obj
c:\users\влад\desktop\physx tutorials\trainingprograms\programs\chap1\compiler\vc8win32\build\win32\lesson108\debug\mediapath_win.obj
c:\users\влад\desktop\physx tutorials\trainingprograms\programs\chap1\compiler\vc8win32\build\win32\lesson108\debug\userdata.obj
c:\users\влад\desktop\physx tutorials\trainingprograms\programs\chap1\compiler\vc8win32\build\win32\lesson108\debug\stream.obj
c:\users\влад\desktop\physx tutorials\trainingprograms\programs\chap1\compiler\vc8win32\build\win32\lesson108\debug\hud.obj
c:\users\влад\desktop\physx tutorials\trainingprograms\programs\chap1\compiler\vc8win32\build\win32\lesson108\debug\glfontrenderer.obj
c:\users\влад\desktop\physx tutorials\trainingprograms\programs\chap1\compiler\vc8win32\build\win32\lesson108\debug\drawobjects.obj
c:\users\влад\desktop\physx tutorials\trainingprograms\programs\chap1\compiler\vc8win32\build\win32\lesson108\debug\lesson108.obj
c:\users\влад\desktop\physx tutorials\bin\win32\lesson108_debug.ilk
c:\users\влад\desktop\physx tutorials\bin\win32\lesson108_debug.exe
c:\users\влад\desktop\physx tutorials\bin\win32\lesson108_debug.exe.map
c:\users\влад\desktop\physx tutorials\trainingprograms\programs\chap1\compiler\vc8win32\../../../../../bin/win32\lesson108.exe
c:\users\влад\desktop\physx tutorials\trainingprograms\programs\chap1\compiler\vc8win32\build\win32\lesson108\debug\lesson108.tlog\cl.command.1.tlog
c:\users\влад\desktop\physx tutorials\trainingprograms\programs\chap1\compiler\vc8win32\build\win32\lesson108\debug\lesson108.tlog\cl.read.1.tlog
c:\users\влад\desktop\physx tutorials\trainingprograms\programs\chap1\compiler\vc8win32\build\win32\lesson108\debug\lesson108.tlog\cl.write.1.tlog
c:\users\влад\desktop\physx tutorials\trainingprograms\programs\chap1\compiler\vc8win32\build\win32\lesson108\debug\lesson108.tlog\link.command.1.tlog
c:\users\влад\desktop\physx tutorials\trainingprograms\programs\chap1\compiler\vc8win32\build\win32\lesson108\debug\lesson108.tlog\link.read.1.tlog
c:\users\влад\desktop\physx tutorials\trainingprograms\programs\chap1\compiler\vc8win32\build\win32\lesson108\debug\lesson108.tlog\link.write.1.tlog
