c:\users\влад\desktop\physx tutorials\trainingprograms\programs\chap1\compiler\vc8win32\build\win32\lesson110\debug\vc120.pdb
c:\users\влад\desktop\physx tutorials\trainingprograms\programs\chap1\compiler\vc8win32\build\win32\lesson110\debug\debugrenderer.obj
c:\users\влад\desktop\physx tutorials\trainingprograms\programs\chap1\compiler\vc8win32\build\win32\lesson110\debug\timing_win.obj
c:\users\влад\desktop\physx tutorials\trainingprograms\programs\chap1\compiler\vc8win32\build\win32\lesson110\debug\mediapath_win.obj
c:\users\влад\desktop\physx tutorials\trainingprograms\programs\chap1\compiler\vc8win32\build\win32\lesson110\debug\userdata.obj
c:\users\влад\desktop\physx tutorials\trainingprograms\programs\chap1\compiler\vc8win32\build\win32\lesson110\debug\stream.obj
c:\users\влад\desktop\physx tutorials\trainingprograms\programs\chap1\compiler\vc8win32\build\win32\lesson110\debug\hud.obj
c:\users\влад\desktop\physx tutorials\trainingprograms\programs\chap1\compiler\vc8win32\build\win32\lesson110\debug\glfontrenderer.obj
c:\users\влад\desktop\physx tutorials\trainingprograms\programs\chap1\compiler\vc8win32\build\win32\lesson110\debug\drawobjects.obj
c:\users\влад\desktop\physx tutorials\trainingprograms\programs\chap1\compiler\vc8win32\build\win32\lesson110\debug\lesson110.obj
c:\users\влад\desktop\physx tutorials\bin\win32\lesson110_debug.ilk
c:\users\влад\desktop\physx tutorials\bin\win32\lesson110_debug.exe
c:\users\влад\desktop\physx tutorials\bin\win32\lesson110_debug.exe.map
c:\users\влад\desktop\physx tutorials\trainingprograms\programs\chap1\compiler\vc8win32\../../../../../bin/win32\lesson110.exe
c:\users\влад\desktop\physx tutorials\trainingprograms\programs\chap1\compiler\vc8win32\build\win32\lesson110\debug\lesson110.tlog\cl.command.1.tlog
c:\users\влад\desktop\physx tutorials\trainingprograms\programs\chap1\compiler\vc8win32\build\win32\lesson110\debug\lesson110.tlog\cl.read.1.tlog
c:\users\влад\desktop\physx tutorials\trainingprograms\programs\chap1\compiler\vc8win32\build\win32\lesson110\debug\lesson110.tlog\cl.write.1.tlog
c:\users\влад\desktop\physx tutorials\trainingprograms\programs\chap1\compiler\vc8win32\build\win32\lesson110\debug\lesson110.tlog\link.command.1.tlog
c:\users\влад\desktop\physx tutorials\trainingprograms\programs\chap1\compiler\vc8win32\build\win32\lesson110\debug\lesson110.tlog\link.read.1.tlog
c:\users\влад\desktop\physx tutorials\trainingprograms\programs\chap1\compiler\vc8win32\build\win32\lesson110\debug\lesson110.tlog\link.write.1.tlog
