c:\users\влад\desktop\physx tutorials\trainingprograms\programs\chap1\compiler\vc8win32\build\win32\lesson115\debug\vc120.pdb
c:\users\влад\desktop\physx tutorials\trainingprograms\programs\chap1\compiler\vc8win32\build\win32\lesson115\debug\objmesh.obj
c:\users\влад\desktop\physx tutorials\trainingprograms\programs\chap1\compiler\vc8win32\build\win32\lesson115\debug\mysoftbody.obj
c:\users\влад\desktop\physx tutorials\trainingprograms\programs\chap1\compiler\vc8win32\build\win32\lesson115\debug\meshhash.obj
c:\users\влад\desktop\physx tutorials\trainingprograms\programs\chap1\compiler\vc8win32\build\win32\lesson115\debug\glrenderer.obj
c:\users\влад\desktop\physx tutorials\trainingprograms\programs\chap1\compiler\vc8win32\build\win32\lesson115\debug\cooking.obj
c:\users\влад\desktop\physx tutorials\trainingprograms\programs\chap1\compiler\vc8win32\build\win32\lesson115\debug\bmploader.obj
c:\users\влад\desktop\physx tutorials\trainingprograms\programs\chap1\compiler\vc8win32\build\win32\lesson115\debug\userallocator.obj
c:\users\влад\desktop\physx tutorials\trainingprograms\programs\chap1\compiler\vc8win32\build\win32\lesson115\debug\debugrenderer.obj
c:\users\влад\desktop\physx tutorials\trainingprograms\programs\chap1\compiler\vc8win32\build\win32\lesson115\debug\timing_win.obj
c:\users\влад\desktop\physx tutorials\trainingprograms\programs\chap1\compiler\vc8win32\build\win32\lesson115\debug\mediapath_win.obj
c:\users\влад\desktop\physx tutorials\trainingprograms\programs\chap1\compiler\vc8win32\build\win32\lesson115\debug\userdata.obj
c:\users\влад\desktop\physx tutorials\trainingprograms\programs\chap1\compiler\vc8win32\build\win32\lesson115\debug\stream.obj
c:\users\влад\desktop\physx tutorials\trainingprograms\programs\chap1\compiler\vc8win32\build\win32\lesson115\debug\hud.obj
c:\users\влад\desktop\physx tutorials\trainingprograms\programs\chap1\compiler\vc8win32\build\win32\lesson115\debug\glfontrenderer.obj
c:\users\влад\desktop\physx tutorials\trainingprograms\programs\chap1\compiler\vc8win32\build\win32\lesson115\debug\drawobjects.obj
c:\users\влад\desktop\physx tutorials\trainingprograms\programs\chap1\compiler\vc8win32\build\win32\lesson115\debug\lesson115.obj
c:\users\влад\desktop\physx tutorials\bin\win32\lesson115_debug.ilk
c:\users\влад\desktop\physx tutorials\bin\win32\lesson115_debug.exe
c:\users\влад\desktop\physx tutorials\bin\win32\lesson115_debug.exe.map
c:\users\влад\desktop\physx tutorials\trainingprograms\programs\chap1\compiler\vc8win32\../../../../../bin/win32\lesson115.exe
c:\users\влад\desktop\physx tutorials\trainingprograms\programs\chap1\compiler\vc8win32\build\win32\lesson115\debug\lesson115.tlog\cl.command.1.tlog
c:\users\влад\desktop\physx tutorials\trainingprograms\programs\chap1\compiler\vc8win32\build\win32\lesson115\debug\lesson115.tlog\cl.read.1.tlog
c:\users\влад\desktop\physx tutorials\trainingprograms\programs\chap1\compiler\vc8win32\build\win32\lesson115\debug\lesson115.tlog\cl.write.1.tlog
c:\users\влад\desktop\physx tutorials\trainingprograms\programs\chap1\compiler\vc8win32\build\win32\lesson115\debug\lesson115.tlog\link.command.1.tlog
c:\users\влад\desktop\physx tutorials\trainingprograms\programs\chap1\compiler\vc8win32\build\win32\lesson115\debug\lesson115.tlog\link.read.1.tlog
c:\users\влад\desktop\physx tutorials\trainingprograms\programs\chap1\compiler\vc8win32\build\win32\lesson115\debug\lesson115.tlog\link.write.1.tlog
