Build started 23.10.2014 12:37:18.
     1>Project "C:\Users\Влад\Desktop\PhysX Tutorials\TrainingPrograms\Programs\Chap1\compiler\vc8win32\Lesson115.vcxproj" on node 4 (Rebuild target(s)).
     1>ClCompile:
         C:\Program Files (x86)\Microsoft Visual Studio 12.0\VC\bin\CL.exe /c /I../../../../../SDKs/Foundation/include /I../../../../../SDKs/Physics/include /I../../../../../SDKs/Cooking/include /I../../../../../SDKs/PhysXLoader/include /I../../../../../SDKs/NxCharacter/include /I../../../Shared_Source /I../../../Shared_Source/User_Reports /I../../../Shared_Source/Timer /I../../../Shared_Source/SoftBody /I../../../Shared_Source/win /I../../../../../Graphics/include/win32 /Zi /nologo /W3 /WX- /Od /Oy- /D WIN32 /D _CONSOLE /D _MBCS /Gm- /EHsc /MD /GS /fp:precise /Zc:wchar_t /Zc:forScope /Fo"./build/Win32/Lesson115/Debug\\" /Fd"./build/Win32/Lesson115/Debug\vc120.pdb" /Gd /TP /analyze- /errorReport:prompt /Od /MTd /Zi  ..\..\Lesson115\source\Lesson115.cpp ..\..\..\Shared_Source\DrawObjects.cpp ..\..\..\Shared_Source\GLFontRenderer.cpp ..\..\..\Shared_Source\HUD.cpp ..\..\..\Shared_Source\Stream.cpp ..\..\..\Shared_Source\UserData.cpp ..\..\..\Shared_Source\win\MediaPath_WIN.cpp ..\..\..\Shared_Source\win\Timing_WIN.cpp ..\..\..\Shared_Source\User_Reports\DebugRenderer.cpp ..\..\..\Shared_Source\User_Reports\UserAllocator.cpp ..\..\..\Shared_Source\SoftBody\BmpLoader.cpp ..\..\..\Shared_Source\SoftBody\cooking.cpp ..\..\..\Shared_Source\SoftBody\glRenderer.cpp ..\..\..\Shared_Source\SoftBody\MeshHash.cpp ..\..\..\Shared_Source\SoftBody\MySoftBody.cpp ..\..\..\Shared_Source\SoftBody\ObjMesh.cpp
     1>cl : Command line warning D9025: overriding '/MD' with '/MTd'
         Lesson115.cpp
     1>C:\Users\Влад\Desktop\PhysX Tutorials\TrainingPrograms\Programs\Shared_Source\HUD.h(32): warning C4996: 'sprintf': This function or variable may be unsafe. Consider using sprintf_s instead. To disable deprecation, use _CRT_SECURE_NO_WARNINGS. See online help for details.
                 C:\Program Files (x86)\Microsoft Visual Studio 12.0\VC\include\stdio.h(356) : see declaration of 'sprintf'
     1>..\..\Lesson115\source\Lesson115.cpp(473): warning C4996: 'sprintf': This function or variable may be unsafe. Consider using sprintf_s instead. To disable deprecation, use _CRT_SECURE_NO_WARNINGS. See online help for details.
                 C:\Program Files (x86)\Microsoft Visual Studio 12.0\VC\include\stdio.h(356) : see declaration of 'sprintf'
     1>..\..\Lesson115\source\Lesson115.cpp(474): warning C4996: 'sprintf': This function or variable may be unsafe. Consider using sprintf_s instead. To disable deprecation, use _CRT_SECURE_NO_WARNINGS. See online help for details.
                 C:\Program Files (x86)\Microsoft Visual Studio 12.0\VC\include\stdio.h(356) : see declaration of 'sprintf'
         DrawObjects.cpp
         GLFontRenderer.cpp
         HUD.cpp
         Stream.cpp
         UserData.cpp
         MediaPath_WIN.cpp
         Timing_WIN.cpp
         DebugRenderer.cpp
         UserAllocator.cpp
         BmpLoader.cpp
     1>..\..\..\Shared_Source\SoftBody\BmpLoader.cpp(87): warning C4996: 'fopen': This function or variable may be unsafe. Consider using fopen_s instead. To disable deprecation, use _CRT_SECURE_NO_WARNINGS. See online help for details.
                 C:\Program Files (x86)\Microsoft Visual Studio 12.0\VC\include\stdio.h(211) : see declaration of 'fopen'
         cooking.cpp
         glRenderer.cpp
     1>..\..\..\Shared_Source\SoftBody\glRenderer.cpp(189): warning C4996: 'stricmp': The POSIX name for this item is deprecated. Instead, use the ISO C++ conformant name: _stricmp. See online help for details.
                 C:\Program Files (x86)\Microsoft Visual Studio 12.0\VC\include\string.h(253) : see declaration of 'stricmp'
     1>..\..\..\Shared_Source\SoftBody\glRenderer.cpp(221): warning C4996: 'strcpy': This function or variable may be unsafe. Consider using strcpy_s instead. To disable deprecation, use _CRT_SECURE_NO_WARNINGS. See online help for details.
                 C:\Program Files (x86)\Microsoft Visual Studio 12.0\VC\include\string.h(112) : see declaration of 'strcpy'
         MeshHash.cpp
         MySoftBody.cpp
     1>..\..\..\Shared_Source\SoftBody\MySoftBody.cpp(112): warning C4996: 'fopen': This function or variable may be unsafe. Consider using fopen_s instead. To disable deprecation, use _CRT_SECURE_NO_WARNINGS. See online help for details.
                 C:\Program Files (x86)\Microsoft Visual Studio 12.0\VC\include\stdio.h(211) : see declaration of 'fopen'
     1>..\..\..\Shared_Source\SoftBody\MySoftBody.cpp(124): warning C4996: 'sscanf': This function or variable may be unsafe. Consider using sscanf_s instead. To disable deprecation, use _CRT_SECURE_NO_WARNINGS. See online help for details.
                 C:\Program Files (x86)\Microsoft Visual Studio 12.0\VC\include\stdio.h(304) : see declaration of 'sscanf'
     1>..\..\..\Shared_Source\SoftBody\MySoftBody.cpp(129): warning C4996: 'sscanf': This function or variable may be unsafe. Consider using sscanf_s instead. To disable deprecation, use _CRT_SECURE_NO_WARNINGS. See online help for details.
                 C:\Program Files (x86)\Microsoft Visual Studio 12.0\VC\include\stdio.h(304) : see declaration of 'sscanf'
         ObjMesh.cpp
     1>..\..\..\Shared_Source\SoftBody\ObjMesh.cpp(13): warning C4996: 'strcpy': This function or variable may be unsafe. Consider using strcpy_s instead. To disable deprecation, use _CRT_SECURE_NO_WARNINGS. See online help for details.
                 C:\Program Files (x86)\Microsoft Visual Studio 12.0\VC\include\string.h(112) : see declaration of 'strcpy'
     1>..\..\..\Shared_Source\SoftBody\ObjMesh.cpp(15): warning C4996: 'strcpy': This function or variable may be unsafe. Consider using strcpy_s instead. To disable deprecation, use _CRT_SECURE_NO_WARNINGS. See online help for details.
                 C:\Program Files (x86)\Microsoft Visual Studio 12.0\VC\include\string.h(112) : see declaration of 'strcpy'
     1>..\..\..\Shared_Source\SoftBody\ObjMesh.cpp(35): warning C4996: 'strcpy': This function or variable may be unsafe. Consider using strcpy_s instead. To disable deprecation, use _CRT_SECURE_NO_WARNINGS. See online help for details.
                 C:\Program Files (x86)\Microsoft Visual Studio 12.0\VC\include\string.h(112) : see declaration of 'strcpy'
     1>..\..\..\Shared_Source\SoftBody\ObjMesh.cpp(36): warning C4996: 'strcpy': This function or variable may be unsafe. Consider using strcpy_s instead. To disable deprecation, use _CRT_SECURE_NO_WARNINGS. See online help for details.
                 C:\Program Files (x86)\Microsoft Visual Studio 12.0\VC\include\string.h(112) : see declaration of 'strcpy'
     1>..\..\..\Shared_Source\SoftBody\ObjMesh.cpp(98): warning C4996: 'sprintf': This function or variable may be unsafe. Consider using sprintf_s instead. To disable deprecation, use _CRT_SECURE_NO_WARNINGS. See online help for details.
                 C:\Program Files (x86)\Microsoft Visual Studio 12.0\VC\include\stdio.h(356) : see declaration of 'sprintf'
     1>..\..\..\Shared_Source\SoftBody\ObjMesh.cpp(294): warning C4996: 'strcpy': This function or variable may be unsafe. Consider using strcpy_s instead. To disable deprecation, use _CRT_SECURE_NO_WARNINGS. See online help for details.
                 C:\Program Files (x86)\Microsoft Visual Studio 12.0\VC\include\string.h(112) : see declaration of 'strcpy'
     1>..\..\..\Shared_Source\SoftBody\ObjMesh.cpp(298): warning C4996: 'strcpy': This function or variable may be unsafe. Consider using strcpy_s instead. To disable deprecation, use _CRT_SECURE_NO_WARNINGS. See online help for details.
                 C:\Program Files (x86)\Microsoft Visual Studio 12.0\VC\include\string.h(112) : see declaration of 'strcpy'
     1>..\..\..\Shared_Source\SoftBody\ObjMesh.cpp(311): warning C4996: 'sprintf': This function or variable may be unsafe. Consider using sprintf_s instead. To disable deprecation, use _CRT_SECURE_NO_WARNINGS. See online help for details.
                 C:\Program Files (x86)\Microsoft Visual Studio 12.0\VC\include\stdio.h(356) : see declaration of 'sprintf'
     1>..\..\..\Shared_Source\SoftBody\ObjMesh.cpp(312): warning C4996: 'fopen': This function or variable may be unsafe. Consider using fopen_s instead. To disable deprecation, use _CRT_SECURE_NO_WARNINGS. See online help for details.
                 C:\Program Files (x86)\Microsoft Visual Studio 12.0\VC\include\stdio.h(211) : see declaration of 'fopen'
     1>..\..\..\Shared_Source\SoftBody\ObjMesh.cpp(324): warning C4996: 'sscanf': This function or variable may be unsafe. Consider using sscanf_s instead. To disable deprecation, use _CRT_SECURE_NO_WARNINGS. See online help for details.
                 C:\Program Files (x86)\Microsoft Visual Studio 12.0\VC\include\stdio.h(304) : see declaration of 'sscanf'
     1>..\..\..\Shared_Source\SoftBody\ObjMesh.cpp(327): warning C4996: 'sscanf': This function or variable may be unsafe. Consider using sscanf_s instead. To disable deprecation, use _CRT_SECURE_NO_WARNINGS. See online help for details.
                 C:\Program Files (x86)\Microsoft Visual Studio 12.0\VC\include\stdio.h(304) : see declaration of 'sscanf'
     1>..\..\..\Shared_Source\SoftBody\ObjMesh.cpp(330): warning C4996: 'sscanf': This function or variable may be unsafe. Consider using sscanf_s instead. To disable deprecation, use _CRT_SECURE_NO_WARNINGS. See online help for details.
                 C:\Program Files (x86)\Microsoft Visual Studio 12.0\VC\include\stdio.h(304) : see declaration of 'sscanf'
     1>..\..\..\Shared_Source\SoftBody\ObjMesh.cpp(333): warning C4996: 'sscanf': This function or variable may be unsafe. Consider using sscanf_s instead. To disable deprecation, use _CRT_SECURE_NO_WARNINGS. See online help for details.
                 C:\Program Files (x86)\Microsoft Visual Studio 12.0\VC\include\stdio.h(304) : see declaration of 'sscanf'
     1>..\..\..\Shared_Source\SoftBody\ObjMesh.cpp(336): warning C4996: 'sscanf': This function or variable may be unsafe. Consider using sscanf_s instead. To disable deprecation, use _CRT_SECURE_NO_WARNINGS. See online help for details.
                 C:\Program Files (x86)\Microsoft Visual Studio 12.0\VC\include\stdio.h(304) : see declaration of 'sscanf'
     1>..\..\..\Shared_Source\SoftBody\ObjMesh.cpp(339): warning C4996: 'sscanf': This function or variable may be unsafe. Consider using sscanf_s instead. To disable deprecation, use _CRT_SECURE_NO_WARNINGS. See online help for details.
                 C:\Program Files (x86)\Microsoft Visual Studio 12.0\VC\include\stdio.h(304) : see declaration of 'sscanf'
     1>..\..\..\Shared_Source\SoftBody\ObjMesh.cpp(342): warning C4996: 'sscanf': This function or variable may be unsafe. Consider using sscanf_s instead. To disable deprecation, use _CRT_SECURE_NO_WARNINGS. See online help for details.
                 C:\Program Files (x86)\Microsoft Visual Studio 12.0\VC\include\stdio.h(304) : see declaration of 'sscanf'
     1>..\..\..\Shared_Source\SoftBody\ObjMesh.cpp(345): warning C4996: 'sscanf': This function or variable may be unsafe. Consider using sscanf_s instead. To disable deprecation, use _CRT_SECURE_NO_WARNINGS. See online help for details.
                 C:\Program Files (x86)\Microsoft Visual Studio 12.0\VC\include\stdio.h(304) : see declaration of 'sscanf'
     1>..\..\..\Shared_Source\SoftBody\ObjMesh.cpp(373): warning C4996: 'sscanf': This function or variable may be unsafe. Consider using sscanf_s instead. To disable deprecation, use _CRT_SECURE_NO_WARNINGS. See online help for details.
                 C:\Program Files (x86)\Microsoft Visual Studio 12.0\VC\include\stdio.h(304) : see declaration of 'sscanf'
     1>..\..\..\Shared_Source\SoftBody\ObjMesh.cpp(381): warning C4996: 'fopen': This function or variable may be unsafe. Consider using fopen_s instead. To disable deprecation, use _CRT_SECURE_NO_WARNINGS. See online help for details.
                 C:\Program Files (x86)\Microsoft Visual Studio 12.0\VC\include\stdio.h(211) : see declaration of 'fopen'
     1>..\..\..\Shared_Source\SoftBody\ObjMesh.cpp(390): warning C4996: 'strcpy': This function or variable may be unsafe. Consider using strcpy_s instead. To disable deprecation, use _CRT_SECURE_NO_WARNINGS. See online help for details.
                 C:\Program Files (x86)\Microsoft Visual Studio 12.0\VC\include\string.h(112) : see declaration of 'strcpy'
     1>..\..\..\Shared_Source\SoftBody\ObjMesh.cpp(407): warning C4996: 'sscanf': This function or variable may be unsafe. Consider using sscanf_s instead. To disable deprecation, use _CRT_SECURE_NO_WARNINGS. See online help for details.
                 C:\Program Files (x86)\Microsoft Visual Studio 12.0\VC\include\stdio.h(304) : see declaration of 'sscanf'
     1>..\..\..\Shared_Source\SoftBody\ObjMesh.cpp(411): warning C4996: 'sscanf': This function or variable may be unsafe. Consider using sscanf_s instead. To disable deprecation, use _CRT_SECURE_NO_WARNINGS. See online help for details.
                 C:\Program Files (x86)\Microsoft Visual Studio 12.0\VC\include\stdio.h(304) : see declaration of 'sscanf'
     1>..\..\..\Shared_Source\SoftBody\ObjMesh.cpp(421): warning C4996: 'sscanf': This function or variable may be unsafe. Consider using sscanf_s instead. To disable deprecation, use _CRT_SECURE_NO_WARNINGS. See online help for details.
                 C:\Program Files (x86)\Microsoft Visual Studio 12.0\VC\include\stdio.h(304) : see declaration of 'sscanf'
     1>..\..\..\Shared_Source\SoftBody\ObjMesh.cpp(425): warning C4996: 'sscanf': This function or variable may be unsafe. Consider using sscanf_s instead. To disable deprecation, use _CRT_SECURE_NO_WARNINGS. See online help for details.
                 C:\Program Files (x86)\Microsoft Visual Studio 12.0\VC\include\stdio.h(304) : see declaration of 'sscanf'
     1>..\..\..\Shared_Source\SoftBody\ObjMesh.cpp(429): warning C4996: 'sscanf': This function or variable may be unsafe. Consider using sscanf_s instead. To disable deprecation, use _CRT_SECURE_NO_WARNINGS. See online help for details.
                 C:\Program Files (x86)\Microsoft Visual Studio 12.0\VC\include\stdio.h(304) : see declaration of 'sscanf'
     1>..\..\..\Shared_Source\SoftBody\ObjMesh.cpp(437): warning C4996: 'sscanf': This function or variable may be unsafe. Consider using sscanf_s instead. To disable deprecation, use _CRT_SECURE_NO_WARNINGS. See online help for details.
                 C:\Program Files (x86)\Microsoft Visual Studio 12.0\VC\include\stdio.h(304) : see declaration of 'sscanf'
     1>..\..\..\Shared_Source\SoftBody\ObjMesh.cpp(546): warning C4996: 'strcpy': This function or variable may be unsafe. Consider using strcpy_s instead. To disable deprecation, use _CRT_SECURE_NO_WARNINGS. See online help for details.
                 C:\Program Files (x86)\Microsoft Visual Studio 12.0\VC\include\string.h(112) : see declaration of 'strcpy'
     1>..\..\..\Shared_Source\SoftBody\ObjMesh.cpp(550): warning C4996: 'strcpy': This function or variable may be unsafe. Consider using strcpy_s instead. To disable deprecation, use _CRT_SECURE_NO_WARNINGS. See online help for details.
                 C:\Program Files (x86)\Microsoft Visual Studio 12.0\VC\include\string.h(112) : see declaration of 'strcpy'
     1>..\..\..\Shared_Source\SoftBody\ObjMesh.cpp(551): warning C4996: 'strcpy': This function or variable may be unsafe. Consider using strcpy_s instead. To disable deprecation, use _CRT_SECURE_NO_WARNINGS. See online help for details.
                 C:\Program Files (x86)\Microsoft Visual Studio 12.0\VC\include\string.h(112) : see declaration of 'strcpy'
     1>..\..\..\Shared_Source\SoftBody\ObjMesh.cpp(557): warning C4996: 'sprintf': This function or variable may be unsafe. Consider using sprintf_s instead. To disable deprecation, use _CRT_SECURE_NO_WARNINGS. See online help for details.
                 C:\Program Files (x86)\Microsoft Visual Studio 12.0\VC\include\stdio.h(356) : see declaration of 'sprintf'
     1>..\..\..\Shared_Source\SoftBody\ObjMesh.cpp(558): warning C4996: 'sprintf': This function or variable may be unsafe. Consider using sprintf_s instead. To disable deprecation, use _CRT_SECURE_NO_WARNINGS. See online help for details.
                 C:\Program Files (x86)\Microsoft Visual Studio 12.0\VC\include\stdio.h(356) : see declaration of 'sprintf'
     1>..\..\..\Shared_Source\SoftBody\ObjMesh.cpp(561): warning C4996: 'fopen': This function or variable may be unsafe. Consider using fopen_s instead. To disable deprecation, use _CRT_SECURE_NO_WARNINGS. See online help for details.
                 C:\Program Files (x86)\Microsoft Visual Studio 12.0\VC\include\stdio.h(211) : see declaration of 'fopen'
     1>..\..\..\Shared_Source\SoftBody\ObjMesh.cpp(578): warning C4996: 'fopen': This function or variable may be unsafe. Consider using fopen_s instead. To disable deprecation, use _CRT_SECURE_NO_WARNINGS. See online help for details.
                 C:\Program Files (x86)\Microsoft Visual Studio 12.0\VC\include\stdio.h(211) : see declaration of 'fopen'
     1>..\..\..\Shared_Source\SoftBody\ObjMesh.cpp(720): warning C4996: 'fopen': This function or variable may be unsafe. Consider using fopen_s instead. To disable deprecation, use _CRT_SECURE_NO_WARNINGS. See online help for details.
                 C:\Program Files (x86)\Microsoft Visual Studio 12.0\VC\include\stdio.h(211) : see declaration of 'fopen'
     1>..\..\..\Shared_Source\SoftBody\ObjMesh.cpp(732): warning C4996: 'sscanf': This function or variable may be unsafe. Consider using sscanf_s instead. To disable deprecation, use _CRT_SECURE_NO_WARNINGS. See online help for details.
                 C:\Program Files (x86)\Microsoft Visual Studio 12.0\VC\include\stdio.h(304) : see declaration of 'sscanf'
         Generating Code...
     1>C:\Program Files (x86)\MSBuild\Microsoft.Cpp\v4.0\V120\Microsoft.CppBuild.targets(1186,5): warning MSB8012: TargetPath(C:\Users\Влад\Desktop\PhysX Tutorials\TrainingPrograms\Programs\Chap1\compiler\vc8win32\../../../../../bin/Win32\Lesson115.exe) does not match the Linker's OutputFile property value (C:\Users\Влад\Desktop\PhysX Tutorials\bin\Win32\Lesson115_DEBUG.exe). This may cause your project to build incorrectly. To correct this, please make sure that $(OutDir), $(TargetName) and $(TargetExt) property values match the value specified in %(Link.OutputFile).
     1>C:\Program Files (x86)\MSBuild\Microsoft.Cpp\v4.0\V120\Microsoft.CppBuild.targets(1188,5): warning MSB8012: TargetName(Lesson115) does not match the Linker's OutputFile property value (Lesson115_DEBUG). This may cause your project to build incorrectly. To correct this, please make sure that $(OutDir), $(TargetName) and $(TargetExt) property values match the value specified in %(Link.OutputFile).
       Link:
         C:\Program Files (x86)\Microsoft Visual Studio 12.0\VC\bin\link.exe /ERRORREPORT:PROMPT /OUT:"../../../../../bin/Win32\Lesson115_DEBUG.exe" /NOLOGO /LIBPATH:../../../../../Graphics/lib/win32/glut /LIBPATH:../../../../../SDKs/lib/Win32 PhysXLoader.lib PhysXCooking.lib NxCharacter.lib kernel32.lib user32.lib gdi32.lib winspool.lib comdlg32.lib advapi32.lib shell32.lib ole32.lib oleaut32.lib uuid.lib odbc32.lib odbccp32.lib /MANIFEST /MANIFESTUAC:"level='asInvoker' uiAccess='false'" /manifest:embed /PDB:"../../../../../bin/Win32\Lesson115_DEBUG.exe.pdb" /MAP:"../../../../../bin/Win32\Lesson115_DEBUG.exe.map" /SUBSYSTEM:CONSOLE /TLBID:1 /DYNAMICBASE:NO /IMPLIB:"../../../../../bin/Win32\Lesson115.lib" /MACHINE:X86 /SAFESEH /DEBUG  ./build/Win32/Lesson115/Debug\Lesson115.obj
         ./build/Win32/Lesson115/Debug\DrawObjects.obj
         ./build/Win32/Lesson115/Debug\GLFontRenderer.obj
         ./build/Win32/Lesson115/Debug\HUD.obj
         ./build/Win32/Lesson115/Debug\Stream.obj
         ./build/Win32/Lesson115/Debug\UserData.obj
         ./build/Win32/Lesson115/Debug\MediaPath_WIN.obj
         ./build/Win32/Lesson115/Debug\Timing_WIN.obj
         ./build/Win32/Lesson115/Debug\DebugRenderer.obj
         ./build/Win32/Lesson115/Debug\UserAllocator.obj
         ./build/Win32/Lesson115/Debug\BmpLoader.obj
         ./build/Win32/Lesson115/Debug\cooking.obj
         ./build/Win32/Lesson115/Debug\glRenderer.obj
         ./build/Win32/Lesson115/Debug\MeshHash.obj
         ./build/Win32/Lesson115/Debug\MySoftBody.obj
         ./build/Win32/Lesson115/Debug\ObjMesh.obj
         ..\..\..\..\..\SDKs\lib\Win32\NxCharacter.lib
         ..\..\..\..\..\SDKs\lib\Win32\PhysXCooking.lib
         ..\..\..\..\..\SDKs\lib\Win32\PhysXLoader.lib
         ..\..\..\..\..\Graphics\lib\win32\glut\glut32.lib
         Lesson115.vcxproj -> C:\Users\Влад\Desktop\PhysX Tutorials\TrainingPrograms\Programs\Chap1\compiler\vc8win32\../../../../../bin/Win32\Lesson115.exe
     1>Done Building Project "C:\Users\Влад\Desktop\PhysX Tutorials\TrainingPrograms\Programs\Chap1\compiler\vc8win32\Lesson115.vcxproj" (Rebuild target(s)).

Build succeeded.

Time Elapsed 00:00:15.85
